<?xml version="1.0" encoding="UTF-8"?>
<testsuite xmlns:xsi="http://www.w3.org/2001/XMLSchema-instance" xsi:schemaLocation="https://maven.apache.org/surefire/maven-surefire-plugin/xsd/surefire-test-report.xsd" name="com.serenity.BordGais.GoogleSearch" time="89.861" tests="26" errors="0" skipped="0" failures="0">
  <properties>
    <property name="java.runtime.name" value="Java(TM) SE Runtime Environment"/>
    <property name="sun.boot.library.path" value="C:\Program Files\Java\jdk1.8.0_181\jre\bin"/>
    <property name="java.vm.version" value="25.181-b13"/>
    <property name="java.vm.vendor" value="Oracle Corporation"/>
    <property name="maven.multiModuleProjectDirectory" value="P:\Users\Msrivastava\workspace2\BordGais"/>
    <property name="java.vendor.url" value="http://java.oracle.com/"/>
    <property name="path.separator" value=";"/>
    <property name="guice.disable.misplaced.annotation.check" value="true"/>
    <property name="java.vm.name" value="Java HotSpot(TM) 64-Bit Server VM"/>
    <property name="file.encoding.pkg" value="sun.io"/>
    <property name="user.script" value=""/>
    <property name="user.country" value="IE"/>
    <property name="sun.java.launcher" value="SUN_STANDARD"/>
    <property name="sun.os.patch.level" value="Service Pack 1"/>
    <property name="java.vm.specification.name" value="Java Virtual Machine Specification"/>
    <property name="user.dir" value="P:\Users\Msrivastava\workspace2\BordGais"/>
    <property name="java.runtime.version" value="1.8.0_181-b13"/>
    <property name="java.awt.graphicsenv" value="sun.awt.Win32GraphicsEnvironment"/>
    <property name="java.endorsed.dirs" value="C:\Program Files\Java\jdk1.8.0_181\jre\lib\endorsed"/>
    <property name="os.arch" value="amd64"/>
    <property name="java.io.tmpdir" value="P:\Users\MSRIVA~1\AppData\Local\Temp\"/>
    <property name="line.separator" value="&#10;"/>
    <property name="java.vm.specification.vendor" value="Oracle Corporation"/>
    <property name="user.variant" value=""/>
    <property name="os.name" value="Windows 7"/>
    <property name="classworlds.conf" value="P:\Users\Msrivastava\workspace2\.metadata\.plugins\org.eclipse.m2e.launching\launches\m2conf4097830432493148959.tmp"/>
    <property name="sun.jnu.encoding" value="Cp1252"/>
    <property name="java.library.path" value="C:\Program Files\Java\jdk1.8.0_181\bin;C:\Windows\Sun\Java\bin;C:\Windows\system32;C:\Windows;C:/Program Files/Java/jdk1.8.0_181/bin/../jre/bin/server;C:/Program Files/Java/jdk1.8.0_181/bin/../jre/bin;C:/Program Files/Java/jdk1.8.0_181/bin/../jre/lib/amd64;&lt;C:\Program Files\Java\jdk1.8.0_181\bin\C:\Program Files\apache-maven-3.5.4-bin\apache-maven-3.5.4\bin\C:\Program Files\apache-maven-3.5.4-bin\apache-maven-3.5.4\bin;C:\Program Files\Java\jdk1.8.0_181\bin;C:\Program&gt; Files\nodejs\;C:\Program Files\apache-maven-3.5.4-bin\apache-maven-3.5.4\bin;C:\Program Files\Git\cmd;C:\Program Files\Git\bin;C:\Program Files\Java\jdk1.8.0_181\bin;C:\Program Files\Amazon\AWSCLI;C:\Program Files\nodejs;C:\Program Files\apache-maven-3.5.4-bin\apache-maven-3.5.4\bin;P:\Users\Msrivastava\AppData\Roaming\npm;P:\Users\Msrivastava\AppData\Local\Programs\Microsoft VS Code\bin;C:\Program Files\Java\jdk1.8.0_181\bin;P:\Users\Msrivastava\Downloads\eclipse-jee-neon-3-win32-x86_64\eclipse;;."/>
    <property name="java.specification.name" value="Java Platform API Specification"/>
    <property name="java.class.version" value="52.0"/>
    <property name="sun.management.compiler" value="HotSpot 64-Bit Tiered Compilers"/>
    <property name="os.version" value="6.1"/>
    <property name="user.home" value="P:\Users\Msrivastava"/>
    <property name="user.timezone" value="Asia/Calcutta"/>
    <property name="java.awt.printerjob" value="sun.awt.windows.WPrinterJob"/>
    <property name="java.specification.version" value="1.8"/>
    <property name="file.encoding" value="Cp1252"/>
    <property name="user.name" value="Msrivastava"/>
    <property name="java.class.path" value="/P:/Users/Msrivastava/Downloads/eclipse-jee-neon-3-win32-x86_64/eclipse/plugins/org.eclipse.m2e.maven.runtime_1.7.0.20160603-1931/jars/plexus-classworlds-2.5.2.jar"/>
    <property name="java.vm.specification.version" value="1.8"/>
    <property name="sun.arch.data.model" value="64"/>
    <property name="java.home" value="C:\Program Files\Java\jdk1.8.0_181\jre"/>
    <property name="sun.java.command" value="org.codehaus.plexus.classworlds.launcher.Launcher -B -gs P:\Users\Msrivastava\.m2\settings.xml -s P:\Users\Msrivastava\.m2\settings.xml install"/>
    <property name="java.specification.vendor" value="Oracle Corporation"/>
    <property name="user.language" value="en"/>
    <property name="awt.toolkit" value="sun.awt.windows.WToolkit"/>
    <property name="java.vm.info" value="mixed mode"/>
    <property name="java.version" value="1.8.0_181"/>
    <property name="java.ext.dirs" value="C:\Program Files\Java\jdk1.8.0_181\jre\lib\ext;C:\Windows\Sun\Java\lib\ext"/>
    <property name="sun.boot.class.path" value="C:\Program Files\Java\jdk1.8.0_181\jre\lib\resources.jar;C:\Program Files\Java\jdk1.8.0_181\jre\lib\rt.jar;C:\Program Files\Java\jdk1.8.0_181\jre\lib\sunrsasign.jar;C:\Program Files\Java\jdk1.8.0_181\jre\lib\jsse.jar;C:\Program Files\Java\jdk1.8.0_181\jre\lib\jce.jar;C:\Program Files\Java\jdk1.8.0_181\jre\lib\charsets.jar;C:\Program Files\Java\jdk1.8.0_181\jre\lib\jfr.jar;C:\Program Files\Java\jdk1.8.0_181\jre\classes"/>
    <property name="java.vendor" value="Oracle Corporation"/>
    <property name="maven.home" value="P:\Users\Msrivastava\workspace2\BordGais\EMBEDDED"/>
    <property name="file.separator" value="\"/>
    <property name="java.vendor.url.bug" value="http://bugreport.sun.com/bugreport/"/>
    <property name="sun.cpu.endian" value="little"/>
    <property name="sun.io.unicode.encoding" value="UnicodeLittle"/>
    <property name="sun.desktop" value="windows"/>
    <property name="sun.cpu.isalist" value="amd64"/>
  </properties>
  <testcase name="BeforeStories" classname="java.lang.Object" time="0"/>
  <testcase name="Given Bob, a customer" classname="com.serenity.BordGais.storySteps.Login" time="21.109"/>
  <testcase name="When Bob, logs into his BGE account with &lt;validEmail&gt; and &lt;validPassword&gt;" classname="com.serenity.BordGais.storySteps.Login" time="5"/>
  <testcase name="Then Bob, should see his BGE account Dashboard" classname="com.serenity.BordGais.storySteps.Login" time="3.357"/>
  <testcase name="Scenario: Customer login into his account with valid credentials" classname="Scenario: Customer login into his account with valid credentials" time="3.751"/>
  <testcase name="Given Bob, is a BGE customer" classname="com.serenity.BordGais.storySteps.Login" time="2.749"/>
  <testcase name="When Bob, logs into his BGE account with &lt;invalidEmail&gt; and &lt;invalidPassword&gt;" classname="com.serenity.BordGais.storySteps.Login" time="1.582"/>
  <testcase name="Then Bob should see the error message as Incorrect username/password" classname="com.serenity.BordGais.storySteps.Login" time="0.186"/>
  <testcase name="When Bob, logs into his BGE account with &lt;validEmail&gt; and  &lt;invalidPassword&gt;" classname="com.serenity.BordGais.storySteps.Login" time="2.654"/>
  <testcase name="Then Bob should see the error message as Incorrect username/password." classname="com.serenity.BordGais.storySteps.Login" time="0.139"/>
  <testcase name="When Bob, logs into his BGE account with &lt;invalidEmail&gt; and  &lt;validPassword&gt;" classname="com.serenity.BordGais.storySteps.Login" time="2.842"/>
  <testcase name="Then Bob should see the error message as Incorrect username/password.â€‹" classname="com.serenity.BordGais.storySteps.Login" time="0.392"/>
  <testcase name="When Bob, logs into his BGE account without providing valid credentials|empty| and click sign in" classname="com.serenity.BordGais.storySteps.Login" time="2.104"/>
  <testcase name="Then Bob, should see the error message as Please enter your email and Please enter your password" classname="com.serenity.BordGais.storySteps.Login" time="0.734"/>
  <testcase name="Scenario: Customer should not login to their account with incorrect credentials" classname="Scenario: Customer should not login to their account with incorrect credentials" time="1.079"/>
  <testcase name="login.story" classname="login.story" time="1.08"/>
  <testcase name="Given Bob a customer is logged into his BGE online account with &lt;validEmail&gt; and &lt;validPassword&gt;" classname="com.serenity.BordGais.storySteps.Logout" time="18.953"/>
  <testcase name="When Bob, logs out of his BGE online account" classname="com.serenity.BordGais.storySteps.Logout" time="3.358"/>
  <testcase name="Then Bob, is out of his Bord Gais Account" classname="com.serenity.BordGais.storySteps.Logout" time="3.096"/>
  <testcase name="Scenario: Customer logging out of their online account" classname="Scenario: Customer logging out of their online account" time="3.588"/>
  <testcase name="Given Bob, logged into his account with &lt;validEmail&gt; and &lt;validPassword&gt;" classname="com.serenity.BordGais.storySteps.Logout" time="3.116"/>
  <testcase name="When Bob, logs out of his account" classname="com.serenity.BordGais.storySteps.Logout" time="3.721"/>
  <testcase name="Then Bob, should be logged out of his BGE online account" classname="com.serenity.BordGais.storySteps.Logout" time="0.192"/>
  <testcase name="Scenario: Customer logging out of their Bord Gais online account" classname="Scenario: Customer logging out of their Bord Gais online account" time="0.678"/>
  <testcase name="logout.story" classname="logout.story" time="0.678"/>
  <testcase name="AfterStories" classname="java.lang.Object" time="0"/>
</testsuite>